{
  "RSpec": {
    "coverage": {
      "/home/pluszak/Projects/Testowanie Aplikacji Ruby/zaliczenie/tar-heapsort/lib/heap.rb": [
        null,
        null,
        null,
        null,
        null,
        null,
        null,
        null,
        1,
        9,
        9,
        9,
        250018,
        250018,
        null,
        9,
        9,
        500021,
        500021,
        500021,
        500021,
        null,
        9,
        null,
        null,
        1,
        3,
        null,
        null,
        1,
        1014769,
        1014769,
        1014769,
        166330,
        null,
        98399,
        null,
        750040,
        null,
        1014769,
        264729,
        264729,
        null,
        null,
        1,
        2,
        2,
        7,
        null,
        2,
        null,
        null,
        1,
        2,
        2,
        null,
        null,
        1,
        4,
        4,
        null,
        null,
        1,
        2,
        2,
        null,
        null
      ]
    },
    "timestamp": 1479043381
  }
}
